<?xml version="1.0" encoding="UTF-8"?>
<TestRun id="c90c6453-e0ed-40f2-96fe-8c9100bc5444" name="Administrator@HARIZ-LAPPY 2012-10-01 16:04:31" runUser="Hariz-Lappy\Administrator" xmlns="http://microsoft.com/schemas/VisualStudio/TeamTest/2006">
  <TestRunConfiguration name="Local Test Run" id="8694a2b3-2d7f-4469-a8b8-eada276acfd2">
    <Description>This is a default test run configuration for a local test run.</Description>
    <Deployment runDeploymentRoot="C:\InventorySystem\TestResults\Administrator_HARIZ-LAPPY 2012-10-01 16_04_31">
      <DeploymentItem filename="C:\InventorySystem\InventorySystem.Data\bin\Debug\InventorySystem.Data.dll" />
      <DeploymentItem filename="C:\InventorySystem\InventorySystem.Business\bin\Debug\InventorySystem.Business.dll" />
    </Deployment>
    <TestTypeSpecific />
  </TestRunConfiguration>
  <ResultSummary outcome="Completed">
    <Counters total="3" executed="3" passed="3" error="0" failed="0" timeout="0" aborted="0" inconclusive="0" passedButRunAborted="0" notRunnable="0" notExecuted="0" disconnected="0" warning="0" completed="0" inProgress="0" pending="0" />
  </ResultSummary>
  <Times creation="2012-10-01T16:04:31.4153296+08:00" queuing="2012-10-01T16:04:34.8035233+08:00" start="2012-10-01T16:04:34.9615324+08:00" finish="2012-10-01T16:06:11.5500569+08:00" />
  <TestDefinitions>
    <UnitTest name="TestConnection" storage="c:\inventorysystem\unittest\bin\debug\unittest.dll" id="bc2ee1da-8edd-207f-0252-8ea7d1c2640a">
      <Css projectStructure="" iteration="" />
      <Owners>
        <Owner name="" />
      </Owners>
      <Execution id="e14d0d5f-7031-4fb3-bc8e-a361feb59762" />
      <TestMethod codeBase="C:\InventorySystem\UnitTest\bin\Debug\UnitTest.dll" adapterTypeName="Microsoft.VisualStudio.TestTools.TestTypes.Unit.UnitTestAdapter, Microsoft.VisualStudio.QualityTools.Tips.UnitTest.Adapter, Version=9.0.0.0, Culture=neutral, PublicKeyToken=b03f5f7f11d50a3a" className="UnitTest.InventorySystemData, UnitTest" name="TestConnection" />
    </UnitTest>
    <UnitTest name="GetPurchaseOrderById" storage="c:\inventorysystem\unittest\bin\debug\unittest.dll" id="b792eec1-20be-b0fa-b584-ce681f345b53">
      <Css projectStructure="" iteration="" />
      <Owners>
        <Owner name="" />
      </Owners>
      <Execution id="e946ebba-23eb-4892-a2e7-d7d42deb8fca" />
      <TestMethod codeBase="C:\InventorySystem\UnitTest\bin\Debug\UnitTest.dll" adapterTypeName="Microsoft.VisualStudio.TestTools.TestTypes.Unit.UnitTestAdapter, Microsoft.VisualStudio.QualityTools.Tips.UnitTest.Adapter, Version=9.0.0.0, Culture=neutral, PublicKeyToken=b03f5f7f11d50a3a" className="UnitTest.InventorySystemBusiness, UnitTest" name="GetPurchaseOrderById" />
    </UnitTest>
    <UnitTest name="GetPurchaseOrders" storage="c:\inventorysystem\unittest\bin\debug\unittest.dll" id="47662836-3ec1-e27a-f2a8-8683f7e68bd6">
      <Css projectStructure="" iteration="" />
      <Owners>
        <Owner name="" />
      </Owners>
      <Execution id="3e22e34c-3d26-4ea4-9d10-f33178ef67a0" />
      <TestMethod codeBase="C:\InventorySystem\UnitTest\bin\Debug\UnitTest.dll" adapterTypeName="Microsoft.VisualStudio.TestTools.TestTypes.Unit.UnitTestAdapter, Microsoft.VisualStudio.QualityTools.Tips.UnitTest.Adapter, Version=9.0.0.0, Culture=neutral, PublicKeyToken=b03f5f7f11d50a3a" className="UnitTest.InventorySystemData, UnitTest" name="GetPurchaseOrders" />
    </UnitTest>
  </TestDefinitions>
  <TestLists>
    <TestList name="Results Not in a List" id="8c84fa94-04c1-424b-9868-57a2d4851a1d" />
    <TestList name="All Loaded Results" id="19431567-8539-422a-85d7-44ee4e166bda" />
  </TestLists>
  <TestEntries>
    <TestEntry testId="47662836-3ec1-e27a-f2a8-8683f7e68bd6" executionId="3e22e34c-3d26-4ea4-9d10-f33178ef67a0" testListId="8c84fa94-04c1-424b-9868-57a2d4851a1d" />
    <TestEntry testId="b792eec1-20be-b0fa-b584-ce681f345b53" executionId="e946ebba-23eb-4892-a2e7-d7d42deb8fca" testListId="8c84fa94-04c1-424b-9868-57a2d4851a1d" />
    <TestEntry testId="bc2ee1da-8edd-207f-0252-8ea7d1c2640a" executionId="e14d0d5f-7031-4fb3-bc8e-a361feb59762" testListId="8c84fa94-04c1-424b-9868-57a2d4851a1d" />
  </TestEntries>
  <Results>
    <UnitTestResult executionId="3e22e34c-3d26-4ea4-9d10-f33178ef67a0" testId="47662836-3ec1-e27a-f2a8-8683f7e68bd6" testName="GetPurchaseOrders" computerName="HARIZ-LAPPY" duration="00:00:31.7172316" startTime="2012-10-01T16:04:35.1335422+08:00" endTime="2012-10-01T16:05:07.3703861+08:00" testType="13cdc9d9-ddb5-4fa4-a97d-d965ccfc6d4b" outcome="Passed" testListId="8c84fa94-04c1-424b-9868-57a2d4851a1d">
      <Output>
      </Output>
    </UnitTestResult>
    <UnitTestResult executionId="e946ebba-23eb-4892-a2e7-d7d42deb8fca" testId="b792eec1-20be-b0fa-b584-ce681f345b53" testName="GetPurchaseOrderById" computerName="HARIZ-LAPPY" duration="00:00:54.4362259" startTime="2012-10-01T16:05:07.3733862+08:00" endTime="2012-10-01T16:06:01.8645029+08:00" testType="13cdc9d9-ddb5-4fa4-a97d-d965ccfc6d4b" outcome="Passed" testListId="8c84fa94-04c1-424b-9868-57a2d4851a1d">
      <Output>
      </Output>
    </UnitTestResult>
    <UnitTestResult executionId="e14d0d5f-7031-4fb3-bc8e-a361feb59762" testId="bc2ee1da-8edd-207f-0252-8ea7d1c2640a" testName="TestConnection" computerName="HARIZ-LAPPY" duration="00:00:08.0740575" startTime="2012-10-01T16:06:01.8665031+08:00" endTime="2012-10-01T16:06:09.9659663+08:00" testType="13cdc9d9-ddb5-4fa4-a97d-d965ccfc6d4b" outcome="Passed" testListId="8c84fa94-04c1-424b-9868-57a2d4851a1d">
      <Output>
      </Output>
    </UnitTestResult>
  </Results>
</TestRun>