<?xml version="1.0" encoding="UTF-8"?>
<TestRun id="5b1734c1-9a9f-439f-a66c-e584c677e5fe" name="Administrator@HARIZ-LAPPY 2012-09-23 12:43:23" runUser="Hariz-Lappy\Administrator" xmlns="http://microsoft.com/schemas/VisualStudio/TeamTest/2006">
  <TestRunConfiguration name="Local Test Run" id="8694a2b3-2d7f-4469-a8b8-eada276acfd2">
    <Description>This is a default test run configuration for a local test run.</Description>
    <Deployment runDeploymentRoot="C:\InventorySystem\TestResults\Administrator_HARIZ-LAPPY 2012-09-23 12_43_23">
      <DeploymentItem filename="C:\InventorySystem\InventorySystem.Data\bin\Debug\InventorySystem.Data.dll" />
      <DeploymentItem filename="C:\InventorySystem\InventorySystem.Business\bin\Debug\InventorySystem.Business.dll" />
    </Deployment>
    <TestTypeSpecific />
  </TestRunConfiguration>
  <ResultSummary outcome="Completed">
    <Counters total="1" executed="1" passed="1" error="0" failed="0" timeout="0" aborted="0" inconclusive="0" passedButRunAborted="0" notRunnable="0" notExecuted="0" disconnected="0" warning="0" completed="0" inProgress="0" pending="0" />
  </ResultSummary>
  <Times creation="2012-09-23T12:43:23.9221896+08:00" queuing="2012-09-23T12:43:24.7692380+08:00" start="2012-09-23T12:43:24.8762442+08:00" finish="2012-09-23T12:44:28.7138955+08:00" />
  <TestDefinitions>
    <UnitTest name="GetPurchaseOrderById" storage="c:\inventorysystem\unittest\bin\debug\unittest.dll" id="b792eec1-20be-b0fa-b584-ce681f345b53">
      <Css projectStructure="" iteration="" />
      <Owners>
        <Owner name="" />
      </Owners>
      <Execution id="a1de160c-e7f5-452a-b5f7-54dd1c77e39c" />
      <TestMethod codeBase="C:\InventorySystem\UnitTest\bin\Debug\UnitTest.dll" adapterTypeName="Microsoft.VisualStudio.TestTools.TestTypes.Unit.UnitTestAdapter, Microsoft.VisualStudio.QualityTools.Tips.UnitTest.Adapter, Version=9.0.0.0, Culture=neutral, PublicKeyToken=b03f5f7f11d50a3a" className="UnitTest.InventorySystemBusiness, UnitTest" name="GetPurchaseOrderById" />
    </UnitTest>
  </TestDefinitions>
  <TestLists>
    <TestList name="Results Not in a List" id="8c84fa94-04c1-424b-9868-57a2d4851a1d" />
    <TestList name="All Loaded Results" id="19431567-8539-422a-85d7-44ee4e166bda" />
  </TestLists>
  <TestEntries>
    <TestEntry testId="b792eec1-20be-b0fa-b584-ce681f345b53" executionId="a1de160c-e7f5-452a-b5f7-54dd1c77e39c" testListId="8c84fa94-04c1-424b-9868-57a2d4851a1d" />
  </TestEntries>
  <Results>
    <UnitTestResult executionId="a1de160c-e7f5-452a-b5f7-54dd1c77e39c" testId="b792eec1-20be-b0fa-b584-ce681f345b53" testName="GetPurchaseOrderById" computerName="HARIZ-LAPPY" duration="00:01:01.8175980" startTime="2012-09-23T12:43:25.0272528+08:00" endTime="2012-09-23T12:44:27.1578065+08:00" testType="13cdc9d9-ddb5-4fa4-a97d-d965ccfc6d4b" outcome="Passed" testListId="8c84fa94-04c1-424b-9868-57a2d4851a1d">
      <Output>
      </Output>
    </UnitTestResult>
  </Results>
</TestRun>