<?xml version="1.0" encoding="UTF-8"?>
<TestRun id="40297fde-54dc-48db-896f-524136adeef8" name="Administrator@HARIZ-LAPPY 2012-09-22 12:26:19" runUser="Hariz-Lappy\Administrator" xmlns="http://microsoft.com/schemas/VisualStudio/TeamTest/2006">
  <TestRunConfiguration name="Local Test Run" id="8694a2b3-2d7f-4469-a8b8-eada276acfd2">
    <Description>This is a default test run configuration for a local test run.</Description>
    <Deployment runDeploymentRoot="C:\InventorySystem\TestResults\Administrator_HARIZ-LAPPY 2012-09-22 12_26_19">
      <DeploymentItem filename="C:\InventorySystem\InventorySystem.Data\bin\Debug\InventorySystem.Data.dll" />
      <DeploymentItem filename="C:\InventorySystem\InventorySystem.Business\bin\Debug\InventorySystem.Business.dll" />
    </Deployment>
    <TestTypeSpecific />
  </TestRunConfiguration>
  <ResultSummary outcome="Completed">
    <Counters total="1" executed="1" passed="1" error="0" failed="0" timeout="0" aborted="0" inconclusive="0" passedButRunAborted="0" notRunnable="0" notExecuted="0" disconnected="0" warning="0" completed="0" inProgress="0" pending="0" />
  </ResultSummary>
  <Times creation="2012-09-22T12:26:19.6143146+08:00" queuing="2012-09-22T12:26:20.5063657+08:00" start="2012-09-22T12:26:20.6133718+08:00" finish="2012-09-22T12:27:01.9417356+08:00" />
  <TestDefinitions>
    <UnitTest name="GetPurchaseOrders" storage="c:\inventorysystem\unittest\bin\debug\unittest.dll" id="47662836-3ec1-e27a-f2a8-8683f7e68bd6">
      <Css projectStructure="" iteration="" />
      <Owners>
        <Owner name="" />
      </Owners>
      <Execution id="614b92c7-631d-412d-9784-9128282d44ef" />
      <TestMethod codeBase="C:\InventorySystem\UnitTest\bin\Debug\UnitTest.dll" adapterTypeName="Microsoft.VisualStudio.TestTools.TestTypes.Unit.UnitTestAdapter, Microsoft.VisualStudio.QualityTools.Tips.UnitTest.Adapter, Version=9.0.0.0, Culture=neutral, PublicKeyToken=b03f5f7f11d50a3a" className="UnitTest.InventorySystemData, UnitTest" name="GetPurchaseOrders" />
    </UnitTest>
  </TestDefinitions>
  <TestLists>
    <TestList name="Results Not in a List" id="8c84fa94-04c1-424b-9868-57a2d4851a1d" />
    <TestList name="All Loaded Results" id="19431567-8539-422a-85d7-44ee4e166bda" />
  </TestLists>
  <TestEntries>
    <TestEntry testId="47662836-3ec1-e27a-f2a8-8683f7e68bd6" executionId="614b92c7-631d-412d-9784-9128282d44ef" testListId="8c84fa94-04c1-424b-9868-57a2d4851a1d" />
  </TestEntries>
  <Results>
    <UnitTestResult executionId="614b92c7-631d-412d-9784-9128282d44ef" testId="47662836-3ec1-e27a-f2a8-8683f7e68bd6" testName="GetPurchaseOrders" computerName="HARIZ-LAPPY" duration="00:00:39.3069608" startTime="2012-09-22T12:26:20.7703808+08:00" endTime="2012-09-22T12:27:00.3836465+08:00" testType="13cdc9d9-ddb5-4fa4-a97d-d965ccfc6d4b" outcome="Passed" testListId="8c84fa94-04c1-424b-9868-57a2d4851a1d">
      <Output>
      </Output>
    </UnitTestResult>
  </Results>
</TestRun>