<?xml version="1.0" encoding="UTF-8"?>
<TestRun id="541bbbd4-97ce-46df-98c8-3430cfb6a90d" name="Administrator@HARIZ-LAPPY 2012-09-23 12:37:03" runUser="Hariz-Lappy\Administrator" xmlns="http://microsoft.com/schemas/VisualStudio/TeamTest/2006">
  <TestRunConfiguration name="Local Test Run" id="8694a2b3-2d7f-4469-a8b8-eada276acfd2">
    <Description>This is a default test run configuration for a local test run.</Description>
    <Deployment runDeploymentRoot="C:\InventorySystem\TestResults\Administrator_HARIZ-LAPPY 2012-09-23 12_37_03">
      <DeploymentItem filename="C:\InventorySystem\InventorySystem.Data\bin\Debug\InventorySystem.Data.dll" />
      <DeploymentItem filename="C:\InventorySystem\InventorySystem.Business\bin\Debug\InventorySystem.Business.dll" />
    </Deployment>
    <TestTypeSpecific />
  </TestRunConfiguration>
  <ResultSummary outcome="Failed">
    <Counters total="1" executed="1" error="0" failed="1" timeout="0" aborted="0" inconclusive="0" passedButRunAborted="0" notRunnable="0" notExecuted="0" disconnected="0" warning="0" passed="0" completed="0" inProgress="0" pending="0" />
  </ResultSummary>
  <Times creation="2012-09-23T12:37:03.1884129+08:00" queuing="2012-09-23T12:37:06.9886302+08:00" start="2012-09-23T12:37:07.2446449+08:00" finish="2012-09-23T12:37:15.6121235+08:00" />
  <TestDefinitions>
    <UnitTest name="GetPurchaseOrderById" storage="c:\inventorysystem\unittest\bin\debug\unittest.dll" id="b792eec1-20be-b0fa-b584-ce681f345b53">
      <Css projectStructure="" iteration="" />
      <Owners>
        <Owner name="" />
      </Owners>
      <Execution id="6a27b1ac-c5da-4d7f-a3aa-96344874a3c1" />
      <TestMethod codeBase="C:\InventorySystem\UnitTest\bin\Debug\UnitTest.dll" adapterTypeName="Microsoft.VisualStudio.TestTools.TestTypes.Unit.UnitTestAdapter, Microsoft.VisualStudio.QualityTools.Tips.UnitTest.Adapter, Version=9.0.0.0, Culture=neutral, PublicKeyToken=b03f5f7f11d50a3a" className="UnitTest.InventorySystemBusiness, UnitTest" name="GetPurchaseOrderById" />
    </UnitTest>
  </TestDefinitions>
  <TestLists>
    <TestList name="Results Not in a List" id="8c84fa94-04c1-424b-9868-57a2d4851a1d" />
    <TestList name="All Loaded Results" id="19431567-8539-422a-85d7-44ee4e166bda" />
  </TestLists>
  <TestEntries>
    <TestEntry testId="b792eec1-20be-b0fa-b584-ce681f345b53" executionId="6a27b1ac-c5da-4d7f-a3aa-96344874a3c1" testListId="8c84fa94-04c1-424b-9868-57a2d4851a1d" />
  </TestEntries>
  <Results>
    <UnitTestResult executionId="6a27b1ac-c5da-4d7f-a3aa-96344874a3c1" testId="b792eec1-20be-b0fa-b584-ce681f345b53" testName="GetPurchaseOrderById" computerName="HARIZ-LAPPY" duration="00:00:05.9594917" startTime="2012-09-23T12:37:07.4326556+08:00" endTime="2012-09-23T12:37:13.9870305+08:00" testType="13cdc9d9-ddb5-4fa4-a97d-d965ccfc6d4b" outcome="Failed" testListId="8c84fa94-04c1-424b-9868-57a2d4851a1d">
      <Output>
        <ErrorInfo>
          <Message>Test method UnitTest.InventorySystemBusiness.GetPurchaseOrderById threw exception:  System.IndexOutOfRangeException: CompanyName.</Message>
          <StackTrace>    at System.Data.ProviderBase.FieldNameLookup.GetOrdinal(String fieldName)
   at System.Data.SqlClient.SqlDataReader.GetOrdinal(String name)
   at System.Data.SqlClient.SqlDataReader.get_Item(String name)
   at InventorySystem.Business.CustomerManager.PopulateReader(IDataReader dr) in C:\InventorySystem\InventorySystem.Business\CustomerManager.cs:line 67
   at InventorySystem.Business.CustomerManager.GetCustomersById(Int32 id) in C:\InventorySystem\InventorySystem.Business\CustomerManager.cs:line 19
   at InventorySystem.Business.CustomerModule.GetCustomerById(Int32 id) in C:\InventorySystem\InventorySystem.Business\CustomerModule.cs:line 18
   at InventorySystem.Business.PurchaseOrderManager.PopulateReader(IDataReader dr) in C:\InventorySystem\InventorySystem.Business\PurchaseOrderManager.cs:line 23
   at InventorySystem.Business.PurchaseOrderManager.GetPurchaseOrderById(Int32 id) in C:\InventorySystem\InventorySystem.Business\PurchaseOrderManager.cs:line 48
   at InventorySystem.Business.PurchaseOrderModule.GetPurchaseOrderById(Int32 id) in C:\InventorySystem\InventorySystem.Business\PurchaseOrderModule.cs:line 12
   at UnitTest.InventorySystemBusiness.GetPurchaseOrderById() in C:\InventorySystem\UnitTest\InventorySystemBusiness.cs:line 69
</StackTrace>
        </ErrorInfo>
      </Output>
    </UnitTestResult>
  </Results>
</TestRun>